<?xml version="1.0" encoding="UTF-8"?>
<!-- Generated by org.testng.reporters.JUnitXMLReporter -->
<testsuite ignored="0" hostname="DESKTOP-1CO8AH3" failures="0" tests="8" name="ModuleOneTest" time="0.426" errors="0" timestamp="2023-03-02T19:32:29 IST">
  <testcase classname="parallelScripts.SampleTwoTest" name="testFour" time="0.043"/>
  <testcase classname="parallelScripts.SampleTwoTest" name="testOne" time="0.006"/>
  <testcase classname="parallelScripts.SampleTwoTest" name="testThree" time="0.008"/>
  <testcase classname="parallelScripts.SampleTwoTest" name="testTwo" time="0.014"/>
  <testcase classname="parallelScripts.SampleOneTest" name="testFour" time="0.033"/>
  <testcase classname="parallelScripts.SampleOneTest" name="testOne" time="0.006"/>
  <testcase classname="parallelScripts.SampleOneTest" name="testThree" time="0.005"/>
  <testcase classname="parallelScripts.SampleOneTest" name="testTwo" time="0.004"/>
</testsuite> <!-- ModuleOneTest -->
