<?xml version="1.0" encoding="UTF-8"?>
<!-- Generated by org.testng.reporters.JUnitXMLReporter -->
<testsuite ignored="0" hostname="DESKTOP-1CO8AH3" failures="0" tests="4" name="ModuleTwoTest" time="0.352" errors="0" timestamp="2023-03-02T19:32:29 IST">
  <testcase classname="parallelScripts.SampleThreeTest" name="testFour" time="0.043"/>
  <testcase classname="parallelScripts.SampleThreeTest" name="testOne" time="0.022"/>
  <testcase classname="parallelScripts.SampleThreeTest" name="testThree" time="0.021"/>
  <testcase classname="parallelScripts.SampleThreeTest" name="testTwo" time="0.014"/>
</testsuite> <!-- ModuleTwoTest -->
